/etc/bashrc
/etc/hosts
/etc/hosts.allow
/etc/ntp.conf
/etc/snmp/snmpd.conf
/etc/login.defs
/etc/logrotate.conf
/etc/logrotate.d/logrotate-traffix.conf
/etc/pam.d/system-auth
/etc/pam.d/system-auth-ac
/etc/profile
/etc/ssh/sshd_config
/etc/sudoers
/etc/sysconfig/ip6tables-config
/etc/sysconfig/iptables-config
/etc/sysctl.conf
/etc/udev/rules.d/70-persistent-net.rules
/root/.bashrc 
/root/autocsvftp.sh
/root/msgftp.sh
/root/webuiftp.sh
/root/cfgftp.sh
/root/tdr_tarftp.sh
/root/tdr_uploadftp.sh
/root/neo_traffix_snmpalarm_V2C.sh
/root/cho_traffix_snmpalarm_V2C.sh
/root/fep_interconnect_check.sh
/root/RemoveOldLogFilterFep.sh
/root/20170106_DEAX_config_diff.sh
/root/20170106_DEAW_config_diff.sh
/root/20170106_DEAW_SDC_config_diff_production.sh
/root/20170106_DEAX_SDC_config_diff_production.sh
/root/DeaConfigureBackupDailyRemoveOldLog.sh
/root/DEA_interface_check.sh
/root/DeaInterfaceCheckRemoveOldLog.sh
/root/DEA_AMBR_check.sh
/root/DeaAMBRCheckRemoveOldLog.sh
/root/autoOverloadControlAlarm-v2.2.sh
/opt/traffix/sdc/utils/system/linux/backup_and_restore/backup_traffix_no_splunk.sh
/opt/traffix/sdc/utils/system/linux/backup_and_restore/files.txt
/opt/traffix/sdc/config/sysconfig/route-traffix_fep-fep-p-sctp
/opt/traffix/sdc/config/sysconfig/route-traffix_fep-fep-r-sctp
/opt/traffix/sdc/config/sysconfig/route-traffix_fep-fep-R-SCTP-grp
/opt/traffix/sdc/config/sysconfig/route-traffix_fep-fep-H-SCTP-grp
/opt/traffix/sdc/config/sysconfig/route-traffix_fep-fep-H-TCP
#/opt/splunkmaster/splunk/etc/master-apps/cluster/local/indexes.conf
/opt/splunksearch/splunk/etc/apps/f5_traffix/local/savedsearches.conf
/opt/splunksearch/splunk/bin/scripts/autoreporting.sh
/var/spool/cron/root
/tmp/crm_config.txt
#/usr/jdk/latest/jre/lib/amd64/libsctp.so
#/usr/lib/ocf/resource.d/traffix/traffix-ra
/etc/localtime
/var/tmp/installation/topology.xml